<?xml version="1.0" encoding="UTF-8"?>
<!-- Generated by org.testng.reporters.JUnitReportReporter -->
<testsuite hostname="L-INE-FZR4PL3" failures="0" tests="5" name="com.runner.RunnerClass$CucumberRunnerTests" time="53.762" errors="0" timestamp="2024-01-18T13:53:14 IST" skipped="0">
  <testcase classname="com.runner.RunnerClass$CucumberRunnerTests" name="runScenario" time="11.134"/>
  <system-out/>
  <testcase classname="com.runner.RunnerClass$CucumberRunnerTests" name="runScenario" time="11.129"/>
  <system-out/>
  <testcase classname="com.runner.RunnerClass$CucumberRunnerTests" name="runScenario" time="7.635"/>
  <system-out/>
  <testcase classname="com.runner.RunnerClass$CucumberRunnerTests" name="runScenario" time="12.161"/>
  <system-out/>
  <testcase classname="com.runner.RunnerClass$CucumberRunnerTests" name="runScenario" time="11.703"/>
  <system-out/>
</testsuite> <!-- com.runner.RunnerClass$CucumberRunnerTests -->
