<?xml version="1.0" encoding="UTF-8"?>
<!-- Generated by org.testng.reporters.JUnitReportReporter -->
<testsuite hostname="L-INE-FZR4PL3" failures="0" tests="5" name="com.runner.RunnerClass$CucumberRunnerTests" time="56.132" errors="0" timestamp="2024-02-01T11:52:30 IST" skipped="0">
  <testcase classname="com.runner.RunnerClass$CucumberRunnerTests" name="runScenario" time="16.157"/>
  <system-out/>
  <testcase classname="com.runner.RunnerClass$CucumberRunnerTests" name="runScenario" time="9.106"/>
  <system-out/>
  <testcase classname="com.runner.RunnerClass$CucumberRunnerTests" name="runScenario" time="6.879"/>
  <system-out/>
  <testcase classname="com.runner.RunnerClass$CucumberRunnerTests" name="runScenario" time="14.560"/>
  <system-out/>
  <testcase classname="com.runner.RunnerClass$CucumberRunnerTests" name="runScenario" time="9.430"/>
  <system-out/>
</testsuite> <!-- com.runner.RunnerClass$CucumberRunnerTests -->
